#
# A fatal error has been detected by the Java Runtime Environment:
#
#  Internal Error (javaClasses.cpp:136), pid=5040, tid=2236
#  fatal error: Invalid layout of preloaded class
#
# JRE version:  (7.0_51-b13) (build )
# Java VM: Java HotSpot(TM) Client VM (24.51-b03 mixed mode windows-x86 )
# Failed to write core dump. Minidumps are not enabled by default on client versions of Windows
#
# If you would like to submit a bug report, please visit:
#   http://bugreport.sun.com/bugreport/crash.jsp
#

---------------  T H R E A D  ---------------

Current thread (0x0022c800):  JavaThread "Unknown thread" [_thread_in_vm, id=2236, stack(0x00300000,0x00350000)]

Stack: [0x00300000,0x00350000],  sp=0x0034f638,  free space=317k
Native frames: (J=compiled Java code, j=interpreted, Vv=VM code, C=native code)
V  [jvm.dll+0x18e0f1]
V  [jvm.dll+0x187e66]
V  [jvm.dll+0x3586a]
V  [jvm.dll+0x358f6]
V  [jvm.dll+0x4400d]
V  [jvm.dll+0x442be]
V  [jvm.dll+0x9263a]
V  [jvm.dll+0x929eb]
V  [jvm.dll+0x13dc51]
V  [jvm.dll+0x16076c]
V  [jvm.dll+0xc8ebf]
C  [javaw.exe+0x13ce]
C  [javaw.exe+0x1e40]
C  [javaw.exe+0xa5b1]
C  [javaw.exe+0xa63b]
C  [kernel32.dll+0x1337a]
C  [ntdll.dll+0x392b2]
C  [ntdll.dll+0x39285]


---------------  P R O C E S S  ---------------

Java Threads: ( => current thread )

Other Threads:

=>0x0022c800 (exited) JavaThread "Unknown thread" [_thread_in_vm, id=2236, stack(0x00300000,0x00350000)]

VM state:not at safepoint (not fully initialized)

VM Mutex/Monitor currently owned by a thread: None

GC Heap History (0 events):
No events

Deoptimization events (0 events):
No events

Internal exceptions (0 events):
No events

Events (10 events):
Event: 0.070 loading class 0x0088c1b0 done
Event: 0.070 loading class 0x0088bc40 done
Event: 0.070 loading class 0x0088bc20
Event: 0.070 loading class 0x00892f48
Event: 0.070 loading class 0x00892f48 done
Event: 0.070 loading class 0x00892f78
Event: 0.070 loading class 0x00892f78 done
Event: 0.070 loading class 0x00892fa8
Event: 0.070 loading class 0x00892fa8 done
Event: 0.071 loading class 0x0088bc20 done


Dynamic libraries:
0x00d80000 - 0x00daf000 	D:\Java\jre7\bin\javaw.exe
0x77e70000 - 0x77ff0000 	C:\Windows\SysWOW64\ntdll.dll
0x75660000 - 0x75770000 	C:\Windows\syswow64\kernel32.dll
0x76490000 - 0x764d7000 	C:\Windows\syswow64\KERNELBASE.dll
0x77390000 - 0x77430000 	C:\Windows\syswow64\ADVAPI32.dll
0x774c0000 - 0x7756c000 	C:\Windows\syswow64\msvcrt.dll
0x77570000 - 0x77589000 	C:\Windows\SysWOW64\sechost.dll
0x76250000 - 0x76340000 	C:\Windows\syswow64\RPCRT4.dll
0x75530000 - 0x75590000 	C:\Windows\syswow64\SspiCli.dll
0x75520000 - 0x7552c000 	C:\Windows\syswow64\CRYPTBASE.dll
0x75770000 - 0x75870000 	C:\Windows\syswow64\USER32.dll
0x77430000 - 0x774c0000 	C:\Windows\syswow64\GDI32.dll
0x76540000 - 0x7654a000 	C:\Windows\syswow64\LPK.dll
0x76370000 - 0x7640d000 	C:\Windows\syswow64\USP10.dll
0x737f0000 - 0x7398e000 	C:\Windows\WinSxS\x86_microsoft.windows.common-controls_6595b64144ccf1df_6.0.7601.18837_none_41e855142bd5705d\COMCTL32.dll
0x75ee0000 - 0x75f37000 	C:\Windows\syswow64\SHLWAPI.dll
0x75f40000 - 0x75fa0000 	C:\Windows\system32\IMM32.DLL
0x75590000 - 0x7565c000 	C:\Windows\syswow64\MSCTF.dll
0x573a0000 - 0x5745f000 	D:\Java\jre7\bin\msvcr100.dll
0x60490000 - 0x60810000 	D:\Java\jre7\bin\client\jvm.dll
0x70dd0000 - 0x70dd7000 	C:\Windows\system32\WSOCK32.dll
0x76180000 - 0x761b5000 	C:\Windows\syswow64\WS2_32.dll
0x77e40000 - 0x77e46000 	C:\Windows\syswow64\NSI.dll
0x73bf0000 - 0x73c22000 	C:\Windows\system32\WINMM.dll
0x764e0000 - 0x764e5000 	C:\Windows\syswow64\PSAPI.DLL
0x62af0000 - 0x62afc000 	D:\Java\jre7\bin\verify.dll
0x62ad0000 - 0x62af0000 	D:\Java\jre7\bin\java.dll
0x62200000 - 0x62213000 	D:\Java\jre7\bin\zip.dll
0x710e0000 - 0x711cb000 	C:\Windows\system32\dbghelp.dll

VM Arguments:
jvm_args: -Dfile.encoding=UTF-8 -Xbootclasspath:D:\snake\android\adt-bundle-windows-x86-20140321\sdk\platforms\android-19\android.jar 
java_command: com.snake.hauferssreader.Test
Launcher Type: SUN_STANDARD

Environment Variables:
JAVA_HOME=D:\Java\jdk1.7.0_51
CLASSPATH=.;D:\Java\jdk1.7.0_51\lib\dt.jar;D:\Java\jdk1.7.0_51\lib\tools.jar;
PATH=D:/Java/jre7/bin/client;D:/Java/jre7/bin;D:/Java/jre7/lib/i386;E:\app\Administrator\product\11.2.0\dbhome_1\bin;C:\Windows\system32;C:\Windows;C:\Windows\System32\Wbem;C:\Windows\System32\WindowsPowerShell\v1.0\;D:\Program Files\Microsoft SQL Server\110\Tools\Binn\;D:\Program Files (x86)\Microsoft SQL Server\110\Tools\Binn\;D:\Program Files\Microsoft SQL Server\110\DTS\Binn\;D:\Program Files (x86)\Microsoft SQL Server\110\Tools\Binn\ManagementStudio\;C:\Program Files (x86)\Microsoft Visual Studio 10.0\Common7\IDE\PrivateAssemblies\;D:\Program Files (x86)\Microsoft SQL Server\110\DTS\Binn\;D:\Program Files (x86)\Git\cmd;C:\Program Files\nodejs\;D:\Java\jdk1.7.0_51\bin;D:\Java\jdk1.7.0_51\jre\bin;D:\Java\apache-maven-3.2.1\bin;C:/Python27;C:\Users\Administrator\AppData\Roaming\npm;D:\snake\android\adt-bundle-windows-x86-20140321\eclipse;
USERNAME=Administrator
OS=Windows_NT
PROCESSOR_IDENTIFIER=Intel64 Family 6 Model 23 Stepping 10, GenuineIntel



---------------  S Y S T E M  ---------------

OS: Windows 7 , 64 bit Build 7601 Service Pack 1

CPU:total 2 (2 cores per cpu, 1 threads per core) family 6 model 23 stepping 10, cmov, cx8, fxsr, mmx, sse, sse2, sse3, ssse3, tsc

Memory: 4k page, physical 4157944k(421072k free), swap 8314036k(3779928k free)

vm_info: Java HotSpot(TM) Client VM (24.51-b03) for windows-x86 JRE (1.7.0_51-b13), built on Dec 18 2013 19:09:58 by "java_re" with unknown MS VC++:1600

time: Thu Aug 06 11:05:39 2015
elapsed time: 0 seconds

